<?xml version="1.0" encoding="UTF-8"?>
<!-- Generated by org.testng.reporters.JUnitReportReporter -->
<testsuite name="com.mercurytours.Test.TCLoginToApplication" tests="1" time="24.050" ignored="0" failures="0" timestamp="25 Dec 2016 22:59:58 GMT" skipped="0" hostname="DESKTOP-5Q1C39H" errors="0">
  <testcase name="Login" time="24.050" classname="com.mercurytours.Test.TCLoginToApplication"/>
</testsuite> <!-- com.mercurytours.Test.TCLoginToApplication -->
