<?xml version="1.0" encoding="UTF-8"?>
<!-- Generated by org.testng.reporters.JUnitReportReporter -->
<testsuite hostname="DESKTOP-5Q1C39H" name="com.mercurytours.Test.TCLoginToApplication" tests="1" failures="0" timestamp="22 Dec 2016 07:39:40 GMT" time="21.784" errors="0">
  <testcase name="Login" time="21.784" classname="com.mercurytours.Test.TCLoginToApplication"/>
</testsuite> <!-- com.mercurytours.Test.TCLoginToApplication -->
