<?xml version="1.0" encoding="UTF-8"?>
<!-- Generated by org.testng.reporters.JUnitReportReporter -->
<testsuite hostname="LTUS43208" name="pkgEZREZTest.HandlingIdentityIssue" tests="1" failures="0" timestamp="10 Aug 2016 19:42:06 GMT" time="0.112" errors="0">
  <testcase name="redirectBack" time="0.112" classname="pkgEZREZTest.HandlingIdentityIssue"/>
</testsuite> <!-- pkgEZREZTest.HandlingIdentityIssue -->
