<?xml version="1.0" encoding="UTF-8"?>
<!-- Generated by org.testng.reporters.JUnitReportReporter -->
<testsuite name="com.mercurytours.Test.TCLaunchApplication" tests="1" time="4.683" ignored="0" failures="0" timestamp="29 Dec 2016 07:42:20 GMT" skipped="0" hostname="DESKTOP-5Q1C39H" errors="0">
  <testcase name="LaunchApplication" time="4.683" classname="com.mercurytours.Test.TCLaunchApplication"/>
</testsuite> <!-- com.mercurytours.Test.TCLaunchApplication -->
